Arguments: 
  /usr/local/bin/node /usr/local/bin/yarn start

PATH: 
  /usr/local/opt/python/libexec/bin:/Library/Frameworks/Python.framework/Versions/3.10/bin:/usr/local/bin:/usr/bin:/bin:/usr/sbin:/sbin:/usr/local/share/dotnet:~/.dotnet/tools

Yarn version: 
  1.22.17

Node version: 
  14.18.1

Platform: 
  darwin x64

Trace: 
  SyntaxError: /Users/macbookpro2020/Desktop/work_folder/dacade_official/discord-nodejs/package.json: Unexpected token √ in JSON at position 165
      at JSON.parse (<anonymous>)
      at /usr/local/lib/node_modules/yarn/lib/cli.js:1625:59
      at Generator.next (<anonymous>)
      at step (/usr/local/lib/node_modules/yarn/lib/cli.js:310:30)
      at /usr/local/lib/node_modules/yarn/lib/cli.js:321:13

npm manifest: 
  {
    "name": "discord-nodejs",
    "version": "1.0.0",
    "main": "bot.js",
    "license": "MIT",
    "dependencies": {
      "discord.js": "^13.3.1",
      "dotenv": "^10.0.0",√
      "nodemon": "^2.0.14"
    },
    "scripts": {
      "dev": "node bot.js",
      "start": "nodemon bot.js"
    }
  }

yarn manifest: 
  No manifest

Lockfile: 
  No lockfile
